<?xml version="1.0" encoding="UTF-8"?>
<!-- Generated by org.testng.reporters.JUnitXMLReporter -->
<testsuite ignored="0" hostname="SHREE" failures="0" tests="4" name="UserTest" time="14.147" errors="0" timestamp="2024-10-09T13:10:05 IST">
  <testcase classname="api.test.UserTest2" name="testPostUser" time="4.532"/>
  <testcase classname="api.test.UserTest2" name="testGetUserByName" time="1.876"/>
  <testcase classname="api.test.UserTest2" name="testUpdateUserByName" time="4.448"/>
  <testcase classname="api.test.UserTest2" name="testDeleteUserByName" time="1.831"/>
</testsuite> <!-- UserTest -->
