<?xml version="1.0" encoding="UTF-8"?>
<!-- Generated by org.testng.reporters.JUnitXMLReporter -->
<testsuite ignored="0" hostname="SHREE" failures="0" tests="6" name="Default test" time="20.786" errors="0" timestamp="2024-10-09T12:41:07 IST">
  <testcase classname="api.test.DataDriven_UserTest" name="testPostUser" time="4.614"/>
  <testcase classname="api.test.DataDriven_UserTest" name="testPostUser" time="1.546"/>
  <testcase classname="api.test.DataDriven_UserTest" name="testPostUser" time="1.651"/>
  <testcase classname="api.test.DataDriven_UserTest" name="testDeleteByUser" time="1.613"/>
  <testcase classname="api.test.DataDriven_UserTest" name="testDeleteByUser" time="1.554"/>
  <testcase classname="api.test.DataDriven_UserTest" name="testDeleteByUser" time="1.484"/>
</testsuite> <!-- Default test -->
