<?xml version="1.0" encoding="UTF-8"?>
<testng-results ignored="0" total="4" passed="4" failed="0" skipped="0">
  <reporter-output>
  </reporter-output>
  <suite started-at="2024-10-01T11:07:43 IST" name="PetSuite" finished-at="2024-10-01T11:07:55 IST" duration-ms="11982">
    <groups>
    </groups>
    <test started-at="2024-10-01T11:07:43 IST" name="PetTest" finished-at="2024-10-01T11:07:55 IST" duration-ms="11982">
      <class name="api.test.UserTest2">
        <test-method is-config="true" signature="setupData()[pri:0, instance:api.test.UserTest2@3270d194]" started-at="2024-10-01T11:07:44 IST" name="setupData" finished-at="2024-10-01T11:07:45 IST" duration-ms="938" status="PASS">
          <reporter-output>
          </reporter-output>
        </test-method> <!-- setupData -->
        <test-method signature="testPostUser()[pri:1, instance:api.test.UserTest2@3270d194]" started-at="2024-10-01T11:07:45 IST" name="testPostUser" finished-at="2024-10-01T11:07:49 IST" duration-ms="3961" status="PASS">
          <reporter-output>
          </reporter-output>
        </test-method> <!-- testPostUser -->
        <test-method signature="testGetUserByName()[pri:2, instance:api.test.UserTest2@3270d194]" started-at="2024-10-01T11:07:49 IST" name="testGetUserByName" finished-at="2024-10-01T11:07:50 IST" duration-ms="1637" status="PASS">
          <reporter-output>
          </reporter-output>
        </test-method> <!-- testGetUserByName -->
        <test-method signature="testUpdateUserByName()[pri:3, instance:api.test.UserTest2@3270d194]" started-at="2024-10-01T11:07:50 IST" name="testUpdateUserByName" finished-at="2024-10-01T11:07:54 IST" duration-ms="3508" status="PASS">
          <reporter-output>
          </reporter-output>
        </test-method> <!-- testUpdateUserByName -->
        <test-method signature="testDeleteUserByName()[pri:4, instance:api.test.UserTest2@3270d194]" started-at="2024-10-01T11:07:54 IST" name="testDeleteUserByName" finished-at="2024-10-01T11:07:55 IST" duration-ms="1558" status="PASS">
          <reporter-output>
          </reporter-output>
        </test-method> <!-- testDeleteUserByName -->
      </class> <!-- api.test.UserTest2 -->
    </test> <!-- PetTest -->
  </suite> <!-- PetSuite -->
</testng-results>
